DEBUG: 2025/12/23 12:15:00 navigating to:Split PDF
DEBUG: 2025/12/23 12:15:14 navigating to:Encrypt PDF
DEBUG: 2025/12/23 12:15:18 navigating to:Encrypt PDF
DEBUG: 2025/12/23 12:15:22 navigating to:Merge PDFs
DEBUG: 2025/12/23 12:15:25 navigating to:Split PDF
DEBUG: 2025/12/23 12:15:28 navigating to:Encrypt PDF
DEBUG: 2025/12/23 12:15:28 navigating to:Encrypt PDF
DEBUG: 2025/12/25 11:41:07 adding pdfs
DEBUG: 2025/12/26 07:02:31 adding file
DEBUG: 2025/12/26 07:12:50 Files: 14 lines, Help: 3 lines
DEBUG: 2025/12/26 07:12:55 Files: 14 lines, Help: 3 lines
DEBUG: 2025/12/26 07:12:55 Files: 14 lines, Help: 3 lines
DEBUG: 2025/12/26 07:17:27 tools: 15 lines, Help: 14 lines
DEBUG: 2025/12/26 07:17:27 tools: 14 lines, Help: 14 lines
DEBUG: 2025/12/26 07:17:29 tools: 14 lines, Help: 14 lines
DEBUG: 2025/12/26 07:17:29 Files: 14 lines, Help: 3 lines
DEBUG: 2025/12/26 07:17:30 Files: 14 lines, Help: 3 lines
DEBUG: 2025/12/26 07:17:30 Files: 14 lines, Help: 3 lines
DEBUG: 2025/12/26 07:29:51 adding file
DEBUG: 2025/12/27 11:48:23 adding file
DEBUG: 2025/12/27 11:49:44 saving PDFs
DEBUG: 2025/12/27 11:53:43 removing file
DEBUG: 2025/12/27 11:53:43 removing file
DEBUG: 2025/12/28 09:39:23 /home/chetan
DEBUG: 2025/12/28 09:52:52 saving PDFs
DEBUG: 2025/12/28 09:52:52 removing file
